INFO:__main__:merging raw files to create a consolidated copy
INFO:__main__:saving the dataset to interim folder at data/interim/merged_data.csv
INFO:__main__:scaling completed succesfully
INFO:__main__:merging raw files to create a consolidated copy
INFO:__main__:saving the dataset to interim folder at data/interim/merged_data.csv
INFO:__main__:scaling completed succesfully
INFO:__main__:merging raw files to create a consolidated copy
INFO:__main__:saving the dataset to interim folder at data/interim/merged_data.csv
INFO:__main__:scaling completed succesfully
INFO:__main__:merging raw files to create a consolidated copy
INFO:__main__:saving the dataset to interim folder at data/interim/merged_data.csv
INFO:__main__:scaling completed succesfully
INFO:__main__:merging raw files to create a consolidated copy
INFO:__main__:saving the dataset to interim folder at data/interim/merged_data.csv
INFO:__main__:scaling completed succesfully
INFO:__main__:merging raw files to create a consolidated copy
INFO:__main__:saving the dataset to interim folder at data/interim/merged_data.csv
INFO:__main__:scaling completed succesfully
INFO:__main__:merging raw files to create a consolidated copy
INFO:__main__:saving the dataset to interim folder at data/interim/merged_data.csv
INFO:__main__:scaling completed succesfully
INFO:src.data.make_dataset:merging raw files to create a consolidated copy
INFO:__main__:merging raw files to create a consolidated copy
INFO:__main__:saving the dataset to interim folder at data/interim/merged_data.csv
INFO:__main__:scaling completed succesfully
INFO:__main__:merging raw files to create a consolidated copy
INFO:__main__:saving the dataset to interim folder at data/interim/merged_data.csv
INFO:__main__:scaling completed succesfully
INFO:src.data.make_dataset:merging raw files to create a consolidated copy
INFO:src.data.make_dataset:merging raw files to create a consolidated copy
INFO:src.data.make_dataset:merging raw files to create a consolidated copy
INFO:__main__:merging raw files to create a consolidated copy
INFO:__main__:saving the dataset to interim folder at data/interim/merged_data.csv
INFO:__main__:scaling completed succesfully
INFO:__main__:merging raw files to create a consolidated copy
INFO:__main__:merging raw files to create a consolidated copy
INFO:__main__:merging raw files to create a consolidated copy
INFO:__main__:saving the dataset to the folder at data/interim/merged_data.csv
INFO:__main__:scaling completed succesfully
INFO:__main__:merging raw files to create a consolidated copy
INFO:__main__:saving the dataset to the folder at data/interim/merged_data.csv
INFO:__main__:scaling completed succesfully
INFO:__main__:saving the dataset to the folder at data/processed/X_train.csv
INFO:__main__:saving the dataset to the folder at data/processed/X_test.csv
INFO:__main__:saving the dataset to the folder at data/processed/y_train.csv
INFO:__main__:saving the dataset to the folder at data/processed/y_test.csv
INFO:__main__:merging raw files to create a consolidated copy
INFO:__main__:saving the dataset to the folder at data/interim/merged_data.csv
INFO:__main__:scaling completed succesfully
INFO:__main__:saving the dataset to the folder at data/processed/X_train.csv
INFO:__main__:saving the dataset to the folder at data/processed/X_test.csv
INFO:__main__:saving the dataset to the folder at data/processed/y_train.csv
INFO:__main__:saving the dataset to the folder at data/processed/y_test.csv
INFO:src.data.make_dataset:merging raw files to create a consolidated copy
INFO:__main__:merging raw files to create a consolidated copy
INFO:__main__:saving the dataset to the folder at data/interim/merged_data.csv
INFO:__main__:scaling completed succesfully
INFO:__main__:merging raw files to create a consolidated copy
INFO:__main__:merging raw files to create a consolidated copy
INFO:__main__:merging raw files to create a consolidated copy
INFO:__main__:merging raw files to create a consolidated copy
INFO:__main__:merging raw files to create a consolidated copy
INFO:__main__:scaling completed succesfully
INFO:__main__:merging raw files to create a consolidated copy
INFO:__main__:scaling completed succesfully
INFO:__main__:merging raw files to create a consolidated copy
INFO:__main__:scaling completed succesfully
INFO:__main__:merging raw files to create a consolidated copy
INFO:__main__:scaling completed succesfully
INFO:__main__:merging raw files to create a consolidated copy
INFO:__main__:scaling completed succesfully
INFO:__main__:merging raw files to create a consolidated copy
INFO:__main__:scaling completed succesfully
INFO:__main__:merging raw files to create a consolidated copy
INFO:__main__:scaling completed succesfully
INFO:__main__:merging raw files to create a consolidated copy
INFO:__main__:scaling completed succesfully
INFO:__main__:merging raw files to create a consolidated copy
INFO:__main__:scaling completed succesfully
INFO:werkzeug: * Running on http://127.0.0.1:5000/ (Press CTRL+C to quit)
INFO:werkzeug: * Restarting with stat
WARNING:werkzeug: * Debugger is active!
INFO:werkzeug: * Debugger PIN: 253-673-098
INFO:werkzeug: * Detected change in '/Users/karun/Desktop/drivenData/pumpitup/src/model.py', reloading
INFO:werkzeug: * Restarting with stat
WARNING:werkzeug: * Debugger is active!
INFO:werkzeug: * Debugger PIN: 253-673-098
INFO:werkzeug: * Running on http://127.0.0.1:5000/ (Press CTRL+C to quit)
INFO:werkzeug: * Restarting with stat
WARNING:werkzeug: * Debugger is active!
INFO:werkzeug: * Debugger PIN: 253-673-098
